app/build/outputs/logs/manifest-merger-debug-report.txt
-- Merging decision tree log ---
manifest
ADDED from src/main/AndroidManifest.xml:2:1-525:12
	package
		ADDED from src/main/AndroidManifest.xml:3:5-29
		INJECTED from src/main/AndroidManifest.xml
		INJECTED from src/main/AndroidManifest.xml
	android:versionName
		ADDED from src/main/AndroidManifest.xml:5:5-33
		INJECTED from src/main/AndroidManifest.xml
		INJECTED from src/main/AndroidManifest.xml
	android:versionCode
		ADDED from src/main/AndroidManifest.xml:4:5-29
		INJECTED from src/main/AndroidManifest.xml
		INJECTED from src/main/AndroidManifest.xml
	xmlns:android
		ADDED from src/main/AndroidManifest.xml:2:11-69
permission#com.yktx.group.permission.JPUSH_MESSAGE
ADDED from src/main/AndroidManifest.xml:7:5-9:47
	android:protectionLevel
		ADDED from src/main/AndroidManifest.xml:9:9-44
	android:name
		ADDED from src/main/AndroidManifest.xml:8:9-63
uses-sdk
ADDED from src/main/AndroidManifest.xml:11:5-13:41
	android:targetSdkVersion
		ADDED from src/main/AndroidManifest.xml:13:9-38
		INJECTED from src/main/AndroidManifest.xml
		INJECTED from src/main/AndroidManifest.xml
	android:minSdkVersion
		ADDED from src/main/AndroidManifest.xml:12:9-35
		INJECTED from src/main/AndroidManifest.xml
		INJECTED from src/main/AndroidManifest.xml
application
ADDED from src/main/AndroidManifest.xml:15:5-472:19
	android:label
		ADDED from src/main/AndroidManifest.xml:19:9-41
	android:allowBackup
		ADDED from src/main/AndroidManifest.xml:17:9-35
	android:icon
		ADDED from src/main/AndroidManifest.xml:18:9-38
	android:largeHeap
		ADDED from src/main/AndroidManifest.xml:20:9-33
	android:name
		ADDED from src/main/AndroidManifest.xml:16:9-55
activity#com.yktx.group.MainActivity
ADDED from src/main/AndroidManifest.xml:21:9-33:20
	android:screenOrientation
		ADDED from src/main/AndroidManifest.xml:24:13-49
	android:label
		ADDED from src/main/AndroidManifest.xml:23:13-45
	android:theme
		ADDED from src/main/AndroidManifest.xml:25:13-41
	android:name
		ADDED from src/main/AndroidManifest.xml:22:13-55
intent-filter#android.intent.action.MAIN+android.intent.category.LAUNCHER+com.android.sipai
ADDED from src/main/AndroidManifest.xml:27:13-32:29
action#android.intent.action.MAIN
ADDED from src/main/AndroidManifest.xml:28:17-69
	android:name
		ADDED from src/main/AndroidManifest.xml:28:25-66
category#android.intent.category.LAUNCHER
ADDED from src/main/AndroidManifest.xml:30:17-77
	android:name
		ADDED from src/main/AndroidManifest.xml:30:27-74
category#com.android.sipai
ADDED from src/main/AndroidManifest.xml:31:17-62
	android:name
		ADDED from src/main/AndroidManifest.xml:31:27-59
activity#com.yktx.group.ChatActivity
ADDED from src/main/AndroidManifest.xml:34:9-40:52
	android:screenOrientation
		ADDED from src/main/AndroidManifest.xml:39:13-49
	android:label
		ADDED from src/main/AndroidManifest.xml:37:13-45
	android:launchMode
		ADDED from src/main/AndroidManifest.xml:38:13-43
	android:configChanges
		ADDED from src/main/AndroidManifest.xml:36:13-74
	android:theme
		ADDED from src/main/AndroidManifest.xml:40:13-49
	android:name
		ADDED from src/main/AndroidManifest.xml:35:13-55
activity#com.yktx.group.GroupMainActivity
ADDED from src/main/AndroidManifest.xml:41:9-46:52
	android:screenOrientation
		ADDED from src/main/AndroidManifest.xml:45:13-49
	android:label
		ADDED from src/main/AndroidManifest.xml:44:13-45
	android:configChanges
		ADDED from src/main/AndroidManifest.xml:43:13-74
	android:theme
		ADDED from src/main/AndroidManifest.xml:46:13-49
	android:name
		ADDED from src/main/AndroidManifest.xml:42:13-60
activity#com.yktx.group.RegisterHeadActivity
ADDED from src/main/AndroidManifest.xml:47:9-52:52
	android:screenOrientation
		ADDED from src/main/AndroidManifest.xml:51:13-49
	android:label
		ADDED from src/main/AndroidManifest.xml:50:13-45
	android:configChanges
		ADDED from src/main/AndroidManifest.xml:49:13-74
	android:theme
		ADDED from src/main/AndroidManifest.xml:52:13-49
	android:name
		ADDED from src/main/AndroidManifest.xml:48:13-63
activity#com.yktx.group.XieYiActivity
ADDED from src/main/AndroidManifest.xml:53:9-58:52
	android:screenOrientation
		ADDED from src/main/AndroidManifest.xml:57:13-49
	android:label
		ADDED from src/main/AndroidManifest.xml:56:13-45
	android:configChanges
		ADDED from src/main/AndroidManifest.xml:55:13-74
	android:theme
		ADDED from src/main/AndroidManifest.xml:58:13-49
	android:name
		ADDED from src/main/AndroidManifest.xml:54:13-56
activity#com.yktx.group.CameraActivity
ADDED from src/main/AndroidManifest.xml:59:9-64:52
	android:screenOrientation
		ADDED from src/main/AndroidManifest.xml:63:13-49
	android:label
		ADDED from src/main/AndroidManifest.xml:62:13-45
	android:configChanges
		ADDED from src/main/AndroidManifest.xml:61:13-74
	android:theme
		ADDED from src/main/AndroidManifest.xml:64:13-49
	android:name
		ADDED from src/main/AndroidManifest.xml:60:13-57
activity#com.yktx.group.SearchActivity
ADDED from src/main/AndroidManifest.xml:65:9-70:44
	android:screenOrientation
		ADDED from src/main/AndroidManifest.xml:69:13-49
	android:label
		ADDED from src/main/AndroidManifest.xml:68:13-45
	android:configChanges
		ADDED from src/main/AndroidManifest.xml:67:13-74
	android:theme
		ADDED from src/main/AndroidManifest.xml:70:13-41
	android:name
		ADDED from src/main/AndroidManifest.xml:66:13-57
activity#com.yktx.group.MainTabActivity
ADDED from src/main/AndroidManifest.xml:71:9-76:44
	android:screenOrientation
		ADDED from src/main/AndroidManifest.xml:75:13-49
	android:label
		ADDED from src/main/AndroidManifest.xml:74:13-45
	android:configChanges
		ADDED from src/main/AndroidManifest.xml:73:13-74
	android:theme
		ADDED from src/main/AndroidManifest.xml:76:13-41
	android:name
		ADDED from src/main/AndroidManifest.xml:72:13-58
activity#com.yktx.group.HotOrNearActivity
ADDED from src/main/AndroidManifest.xml:77:9-82:52
	android:screenOrientation
		ADDED from src/main/AndroidManifest.xml:81:13-49
	android:label
		ADDED from src/main/AndroidManifest.xml:80:13-45
	android:configChanges
		ADDED from src/main/AndroidManifest.xml:79:13-74
	android:theme
		ADDED from src/main/AndroidManifest.xml:82:13-49
	android:name
		ADDED from src/main/AndroidManifest.xml:78:13-60
activity#com.yktx.group.UserCenterActivity
ADDED from src/main/AndroidManifest.xml:83:9-88:52
	android:screenOrientation
		ADDED from src/main/AndroidManifest.xml:87:13-49
	android:label
		ADDED from src/main/AndroidManifest.xml:86:13-45
	android:configChanges
		ADDED from src/main/AndroidManifest.xml:85:13-74
	android:theme
		ADDED from src/main/AndroidManifest.xml:88:13-49
	android:name
		ADDED from src/main/AndroidManifest.xml:84:13-61
activity#com.yktx.group.UpdatePasswordActivity
ADDED from src/main/AndroidManifest.xml:89:9-94:52
	android:screenOrientation
		ADDED from src/main/AndroidManifest.xml:93:13-49
	android:label
		ADDED from src/main/AndroidManifest.xml:92:13-45
	android:configChanges
		ADDED from src/main/AndroidManifest.xml:91:13-74
	android:theme
		ADDED from src/main/AndroidManifest.xml:94:13-49
	android:name
		ADDED from src/main/AndroidManifest.xml:90:13-65
activity#com.yktx.group.AttentionActivity
ADDED from src/main/AndroidManifest.xml:95:9-100:52
	android:screenOrientation
		ADDED from src/main/AndroidManifest.xml:99:13-49
	android:label
		ADDED from src/main/AndroidManifest.xml:98:13-45
	android:configChanges
		ADDED from src/main/AndroidManifest.xml:97:13-74
	android:theme
		ADDED from src/main/AndroidManifest.xml:100:13-49
	android:name
		ADDED from src/main/AndroidManifest.xml:96:13-60
activity#com.yktx.group.MainHomeActivity
ADDED from src/main/AndroidManifest.xml:101:9-106:44
	android:screenOrientation
		ADDED from src/main/AndroidManifest.xml:105:13-49
	android:label
		ADDED from src/main/AndroidManifest.xml:104:13-45
	android:configChanges
		ADDED from src/main/AndroidManifest.xml:103:13-74
	android:theme
		ADDED from src/main/AndroidManifest.xml:106:13-41
	android:name
		ADDED from src/main/AndroidManifest.xml:102:13-59
activity#com.yktx.group.RegisterActivity
ADDED from src/main/AndroidManifest.xml:107:9-112:52
	android:screenOrientation
		ADDED from src/main/AndroidManifest.xml:111:13-49
	android:label
		ADDED from src/main/AndroidManifest.xml:110:13-45
	android:configChanges
		ADDED from src/main/AndroidManifest.xml:109:13-74
	android:theme
		ADDED from src/main/AndroidManifest.xml:112:13-49
	android:name
		ADDED from src/main/AndroidManifest.xml:108:13-59
activity#com.yktx.group.LoginChoiceActivity
ADDED from src/main/AndroidManifest.xml:113:9-118:44
	android:screenOrientation
		ADDED from src/main/AndroidManifest.xml:117:13-49
	android:label
		ADDED from src/main/AndroidManifest.xml:116:13-45
	android:configChanges
		ADDED from src/main/AndroidManifest.xml:115:13-74
	android:theme
		ADDED from src/main/AndroidManifest.xml:118:13-41
	android:name
		ADDED from src/main/AndroidManifest.xml:114:13-62
activity#com.yktx.group.LoginActivity
ADDED from src/main/AndroidManifest.xml:119:9-124:52
	android:screenOrientation
		ADDED from src/main/AndroidManifest.xml:123:13-49
	android:label
		ADDED from src/main/AndroidManifest.xml:122:13-45
	android:configChanges
		ADDED from src/main/AndroidManifest.xml:121:13-74
	android:theme
		ADDED from src/main/AndroidManifest.xml:124:13-49
	android:name
		ADDED from src/main/AndroidManifest.xml:120:13-56
activity#com.yktx.group.InvitationActivity
ADDED from src/main/AndroidManifest.xml:125:9-130:52
	android:screenOrientation
		ADDED from src/main/AndroidManifest.xml:129:13-49
	android:label
		ADDED from src/main/AndroidManifest.xml:128:13-45
	android:configChanges
		ADDED from src/main/AndroidManifest.xml:127:13-74
	android:theme
		ADDED from src/main/AndroidManifest.xml:130:13-49
	android:name
		ADDED from src/main/AndroidManifest.xml:126:13-61
activity#com.yktx.group.BigPictureActivity
ADDED from src/main/AndroidManifest.xml:131:9-136:52
	android:screenOrientation
		ADDED from src/main/AndroidManifest.xml:135:13-49
	android:label
		ADDED from src/main/AndroidManifest.xml:134:13-45
	android:configChanges
		ADDED from src/main/AndroidManifest.xml:133:13-74
	android:theme
		ADDED from src/main/AndroidManifest.xml:136:13-49
	android:name
		ADDED from src/main/AndroidManifest.xml:132:13-61
activity#com.yktx.group.MessageActivity
ADDED from src/main/AndroidManifest.xml:137:9-142:52
	android:screenOrientation
		ADDED from src/main/AndroidManifest.xml:141:13-49
	android:label
		ADDED from src/main/AndroidManifest.xml:140:13-45
	android:configChanges
		ADDED from src/main/AndroidManifest.xml:139:13-74
	android:theme
		ADDED from src/main/AndroidManifest.xml:142:13-49
	android:name
		ADDED from src/main/AndroidManifest.xml:138:13-58
activity#com.yktx.group.fragment.GroupMainFragmentActivity
ADDED from src/main/AndroidManifest.xml:143:9-148:56
	android:screenOrientation
		ADDED from src/main/AndroidManifest.xml:147:13-49
	android:label
		ADDED from src/main/AndroidManifest.xml:146:13-45
	android:configChanges
		ADDED from src/main/AndroidManifest.xml:145:13-74
	android:theme
		ADDED from src/main/AndroidManifest.xml:148:13-53
	android:name
		ADDED from src/main/AndroidManifest.xml:144:13-77
activity#com.yktx.group.fragment.HistoryActivity
ADDED from src/main/AndroidManifest.xml:149:9-154:52
	android:screenOrientation
		ADDED from src/main/AndroidManifest.xml:153:13-49
	android:label
		ADDED from src/main/AndroidManifest.xml:152:13-45
	android:configChanges
		ADDED from src/main/AndroidManifest.xml:151:13-74
	android:theme
		ADDED from src/main/AndroidManifest.xml:154:13-49
	android:name
		ADDED from src/main/AndroidManifest.xml:150:13-67
activity#com.umeng.socialize.view.ShareActivity
ADDED from src/main/AndroidManifest.xml:158:9-165:20
	android:launchMode
		ADDED from src/main/AndroidManifest.xml:161:13-44
	android:noHistory
		ADDED from src/main/AndroidManifest.xml:162:13-37
	android:windowSoftInputMode
		ADDED from src/main/AndroidManifest.xml:164:13-68
	android:configChanges
		ADDED from src/main/AndroidManifest.xml:160:13-57
	android:theme
		ADDED from src/main/AndroidManifest.xml:163:13-50
	android:name
		ADDED from src/main/AndroidManifest.xml:159:13-66
activity#com.yktx.group.wxapi.WXEntryActivity
ADDED from src/main/AndroidManifest.xml:166:9-171:75
	android:screenOrientation
		ADDED from src/main/AndroidManifest.xml:170:13-49
	android:exported
		ADDED from src/main/AndroidManifest.xml:169:13-36
	android:configChanges
		ADDED from src/main/AndroidManifest.xml:168:13-74
	android:theme
		ADDED from src/main/AndroidManifest.xml:171:13-72
	android:name
		ADDED from src/main/AndroidManifest.xml:167:13-64
activity#com.android.gallety.PhotoActivity
ADDED from src/main/AndroidManifest.xml:174:9-179:52
	android:screenOrientation
		ADDED from src/main/AndroidManifest.xml:178:13-49
	android:label
		ADDED from src/main/AndroidManifest.xml:177:13-45
	android:configChanges
		ADDED from src/main/AndroidManifest.xml:176:13-74
	android:theme
		ADDED from src/main/AndroidManifest.xml:179:13-49
	android:name
		ADDED from src/main/AndroidManifest.xml:175:13-61
activity#com.android.gallety.Look_Activity
ADDED from src/main/AndroidManifest.xml:180:9-185:52
	android:screenOrientation
		ADDED from src/main/AndroidManifest.xml:184:13-49
	android:label
		ADDED from src/main/AndroidManifest.xml:183:13-45
	android:configChanges
		ADDED from src/main/AndroidManifest.xml:182:13-74
	android:theme
		ADDED from src/main/AndroidManifest.xml:185:13-49
	android:name
		ADDED from src/main/AndroidManifest.xml:181:13-61
activity#com.android.gallety.ShowImageActivity
ADDED from src/main/AndroidManifest.xml:186:9-191:52
	android:screenOrientation
		ADDED from src/main/AndroidManifest.xml:190:13-49
	android:label
		ADDED from src/main/AndroidManifest.xml:189:13-45
	android:configChanges
		ADDED from src/main/AndroidManifest.xml:188:13-74
	android:theme
		ADDED from src/main/AndroidManifest.xml:191:13-49
	android:name
		ADDED from src/main/AndroidManifest.xml:187:13-65
activity#com.yktx.group.AlertDialog
ADDED from src/main/AndroidManifest.xml:194:9-199:52
	android:screenOrientation
		ADDED from src/main/AndroidManifest.xml:198:13-49
	android:label
		ADDED from src/main/AndroidManifest.xml:197:13-45
	android:configChanges
		ADDED from src/main/AndroidManifest.xml:196:13-74
	android:theme
		ADDED from src/main/AndroidManifest.xml:199:13-49
	android:name
		ADDED from src/main/AndroidManifest.xml:195:13-54
activity#com.yktx.group.BaiduMapActivity
ADDED from src/main/AndroidManifest.xml:200:9-205:52
	android:screenOrientation
		ADDED from src/main/AndroidManifest.xml:204:13-49
	android:label
		ADDED from src/main/AndroidManifest.xml:203:13-45
	android:configChanges
		ADDED from src/main/AndroidManifest.xml:202:13-74
	android:theme
		ADDED from src/main/AndroidManifest.xml:205:13-49
	android:name
		ADDED from src/main/AndroidManifest.xml:201:13-59
activity#com.yktx.group.ChatEasemobActivity
ADDED from src/main/AndroidManifest.xml:206:9-211:52
	android:screenOrientation
		ADDED from src/main/AndroidManifest.xml:210:13-49
	android:label
		ADDED from src/main/AndroidManifest.xml:209:13-45
	android:configChanges
		ADDED from src/main/AndroidManifest.xml:208:13-74
	android:theme
		ADDED from src/main/AndroidManifest.xml:211:13-49
	android:name
		ADDED from src/main/AndroidManifest.xml:207:13-62
activity#com.yktx.group.ShowBigImage
ADDED from src/main/AndroidManifest.xml:212:9-217:52
	android:screenOrientation
		ADDED from src/main/AndroidManifest.xml:216:13-49
	android:label
		ADDED from src/main/AndroidManifest.xml:215:13-45
	android:configChanges
		ADDED from src/main/AndroidManifest.xml:214:13-74
	android:theme
		ADDED from src/main/AndroidManifest.xml:217:13-49
	android:name
		ADDED from src/main/AndroidManifest.xml:213:13-55
activity#com.umeng.fb.ConversationActivity
ADDED from src/main/AndroidManifest.xml:220:9-222:52
	android:theme
		ADDED from src/main/AndroidManifest.xml:222:13-49
	android:name
		ADDED from src/main/AndroidManifest.xml:221:13-61
activity#com.umeng.fb.ContactActivity
ADDED from src/main/AndroidManifest.xml:223:9-225:52
	android:theme
		ADDED from src/main/AndroidManifest.xml:225:13-49
	android:name
		ADDED from src/main/AndroidManifest.xml:224:13-56
service#com.yktx.service.AddShowPhotoService
ADDED from src/main/AndroidManifest.xml:228:9-234:19
	android:enabled
		ADDED from src/main/AndroidManifest.xml:230:13-35
	android:name
		ADDED from src/main/AndroidManifest.xml:229:13-64
intent-filter#cn.addshowphotoservice
ADDED from src/main/AndroidManifest.xml:231:13-233:29
action#cn.addshowphotoservice
ADDED from src/main/AndroidManifest.xml:232:17-65
	android:name
		ADDED from src/main/AndroidManifest.xml:232:25-62
activity#com.tencent.tauth.AuthActivity
ADDED from src/main/AndroidManifest.xml:236:9-248:20
	android:launchMode
		ADDED from src/main/AndroidManifest.xml:238:13-44
	android:noHistory
		ADDED from src/main/AndroidManifest.xml:239:13-37
	android:name
		ADDED from src/main/AndroidManifest.xml:237:13-58
intent-filter#android.intent.action.VIEW+android.intent.category.BROWSABLE+android.intent.category.DEFAULT
ADDED from src/main/AndroidManifest.xml:240:13-247:29
action#android.intent.action.VIEW
ADDED from src/main/AndroidManifest.xml:241:17-69
	android:name
		ADDED from src/main/AndroidManifest.xml:241:25-66
category#android.intent.category.DEFAULT
ADDED from src/main/AndroidManifest.xml:243:17-76
	android:name
		ADDED from src/main/AndroidManifest.xml:243:27-73
category#android.intent.category.BROWSABLE
ADDED from src/main/AndroidManifest.xml:244:17-78
	android:name
		ADDED from src/main/AndroidManifest.xml:244:27-75
data
ADDED from src/main/AndroidManifest.xml:246:17-59
	android:scheme
		ADDED from src/main/AndroidManifest.xml:246:23-56
activity#com.tencent.connect.common.AssistActivity
ADDED from src/main/AndroidManifest.xml:249:9-253:20
	android:screenOrientation
		ADDED from src/main/AndroidManifest.xml:251:13-49
	android:theme
		ADDED from src/main/AndroidManifest.xml:252:13-72
	android:name
		ADDED from src/main/AndroidManifest.xml:250:13-69
service#com.baidu.location.f
ADDED from src/main/AndroidManifest.xml:256:9-260:19
	android:enabled
		ADDED from src/main/AndroidManifest.xml:258:13-35
	android:process
		ADDED from src/main/AndroidManifest.xml:259:13-38
	android:name
		ADDED from src/main/AndroidManifest.xml:257:13-48
service#cn.jpush.android.service.PushService
ADDED from src/main/AndroidManifest.xml:263:9-273:19
	android:enabled
		ADDED from src/main/AndroidManifest.xml:265:13-35
	android:exported
		ADDED from src/main/AndroidManifest.xml:266:13-37
	android:name
		ADDED from src/main/AndroidManifest.xml:264:13-64
intent-filter#cn.jpush.android.intent.PUSH_TIME+cn.jpush.android.intent.PushService+cn.jpush.android.intent.REGISTER+cn.jpush.android.intent.REPORT
ADDED from src/main/AndroidManifest.xml:267:13-272:29
action#cn.jpush.android.intent.REGISTER
ADDED from src/main/AndroidManifest.xml:268:17-75
	android:name
		ADDED from src/main/AndroidManifest.xml:268:25-72
action#cn.jpush.android.intent.REPORT
ADDED from src/main/AndroidManifest.xml:269:17-73
	android:name
		ADDED from src/main/AndroidManifest.xml:269:25-70
action#cn.jpush.android.intent.PushService
ADDED from src/main/AndroidManifest.xml:270:17-78
	android:name
		ADDED from src/main/AndroidManifest.xml:270:25-75
action#cn.jpush.android.intent.PUSH_TIME
ADDED from src/main/AndroidManifest.xml:271:17-76
	android:name
		ADDED from src/main/AndroidManifest.xml:271:25-73
receiver#com.tencent.mm.sdk.plugin.MMPluginOAuth$Receiver
ADDED from src/main/AndroidManifest.xml:275:9-281:20
	android:permission
		ADDED from src/main/AndroidManifest.xml:277:13-70
	android:name
		ADDED from src/main/AndroidManifest.xml:276:13-76
intent-filter#com.tencent.mm.sdk.plugin.Intent.ACTION_RESPONSE
ADDED from src/main/AndroidManifest.xml:278:13-280:29
action#com.tencent.mm.sdk.plugin.Intent.ACTION_RESPONSE
ADDED from src/main/AndroidManifest.xml:279:17-91
	android:name
		ADDED from src/main/AndroidManifest.xml:279:25-88
receiver#com.tencent.mm.sdk.channel.MMessage$Receiver
ADDED from src/main/AndroidManifest.xml:282:9-288:20
	android:permission
		ADDED from src/main/AndroidManifest.xml:284:13-71
	android:name
		ADDED from src/main/AndroidManifest.xml:283:13-72
intent-filter#com.tencent.mm.sdk.channel.Intent.ACTION_MESSAGE
ADDED from src/main/AndroidManifest.xml:285:13-287:29
action#com.tencent.mm.sdk.channel.Intent.ACTION_MESSAGE
ADDED from src/main/AndroidManifest.xml:286:17-91
	android:name
		ADDED from src/main/AndroidManifest.xml:286:25-88
receiver#cn.jpush.android.service.PushReceiver
ADDED from src/main/AndroidManifest.xml:290:9-312:20
	android:enabled
		ADDED from src/main/AndroidManifest.xml:292:13-35
	android:name
		ADDED from src/main/AndroidManifest.xml:291:13-65
intent-filter#cn.jpush.android.intent.NOTIFICATION_RECEIVED_PROXY+com.yktx.group
ADDED from src/main/AndroidManifest.xml:293:13-300:29
	android:priority
		ADDED from src/main/AndroidManifest.xml:293:28-51
action#cn.jpush.android.intent.NOTIFICATION_RECEIVED_PROXY
ADDED from src/main/AndroidManifest.xml:296:17-94
	android:name
		ADDED from src/main/AndroidManifest.xml:296:25-91
category#com.yktx.group
ADDED from src/main/AndroidManifest.xml:298:17-59
	android:name
		ADDED from src/main/AndroidManifest.xml:298:27-56
intent-filter#android.intent.action.USER_PRESENT+android.net.conn.CONNECTIVITY_CHANGE
ADDED from src/main/AndroidManifest.xml:302:13-305:29
action#android.intent.action.USER_PRESENT
ADDED from src/main/AndroidManifest.xml:303:17-77
	android:name
		ADDED from src/main/AndroidManifest.xml:303:25-74
action#android.net.conn.CONNECTIVITY_CHANGE
ADDED from src/main/AndroidManifest.xml:304:17-79
	android:name
		ADDED from src/main/AndroidManifest.xml:304:25-76
intent-filter#android.intent.action.PACKAGE_ADDED+android.intent.action.PACKAGE_REMOVED
ADDED from src/main/AndroidManifest.xml:306:13-311:29
action#android.intent.action.PACKAGE_ADDED
ADDED from src/main/AndroidManifest.xml:307:17-78
	android:name
		ADDED from src/main/AndroidManifest.xml:307:25-75
action#android.intent.action.PACKAGE_REMOVED
ADDED from src/main/AndroidManifest.xml:308:17-80
	android:name
		ADDED from src/main/AndroidManifest.xml:308:25-77
receiver#com.yktx.service.MyReceiver
ADDED from src/main/AndroidManifest.xml:313:9-330:20
	android:enabled
		ADDED from src/main/AndroidManifest.xml:315:13-35
	android:name
		ADDED from src/main/AndroidManifest.xml:314:13-55
intent-filter#cn.jpush.android.intent.ACTION_RICHPUSH_CALLBACK+cn.jpush.android.intent.MESSAGE_RECEIVED+cn.jpush.android.intent.NOTIFICATION_OPENED+cn.jpush.android.intent.NOTIFICATION_RECEIVED+cn.jpush.android.intent.REGISTRATION+cn.jpush.android.intent.UNREGISTRATION+com.yktx.group
ADDED from src/main/AndroidManifest.xml:316:13-329:29
action#cn.jpush.android.intent.REGISTRATION
ADDED from src/main/AndroidManifest.xml:317:17-79
	android:name
		ADDED from src/main/AndroidManifest.xml:317:25-76
action#cn.jpush.android.intent.UNREGISTRATION
ADDED from src/main/AndroidManifest.xml:319:17-81
	android:name
		ADDED from src/main/AndroidManifest.xml:319:25-78
action#cn.jpush.android.intent.MESSAGE_RECEIVED
ADDED from src/main/AndroidManifest.xml:320:17-83
	android:name
		ADDED from src/main/AndroidManifest.xml:320:25-80
action#cn.jpush.android.intent.NOTIFICATION_RECEIVED
ADDED from src/main/AndroidManifest.xml:322:17-88
	android:name
		ADDED from src/main/AndroidManifest.xml:322:25-85
action#cn.jpush.android.intent.NOTIFICATION_OPENED
ADDED from src/main/AndroidManifest.xml:324:17-86
	android:name
		ADDED from src/main/AndroidManifest.xml:324:25-83
action#cn.jpush.android.intent.ACTION_RICHPUSH_CALLBACK
ADDED from src/main/AndroidManifest.xml:326:17-91
	android:name
		ADDED from src/main/AndroidManifest.xml:326:25-88
activity#cn.jpush.android.ui.PushActivity
ADDED from src/main/AndroidManifest.xml:332:9-342:20
	android:configChanges
		ADDED from src/main/AndroidManifest.xml:334:13-63
	android:theme
		ADDED from src/main/AndroidManifest.xml:335:13-72
	android:name
		ADDED from src/main/AndroidManifest.xml:333:13-60
intent-filter#android.intent.category.DEFAULT+cn.jpush.android.ui.PushActivity+com.yktx.group
ADDED from src/main/AndroidManifest.xml:336:13-341:29
action#cn.jpush.android.ui.PushActivity
ADDED from src/main/AndroidManifest.xml:337:17-75
	android:name
		ADDED from src/main/AndroidManifest.xml:337:25-72
service#cn.jpush.android.service.DownloadService
ADDED from src/main/AndroidManifest.xml:344:9-348:19
	android:enabled
		ADDED from src/main/AndroidManifest.xml:346:13-35
	android:exported
		ADDED from src/main/AndroidManifest.xml:347:13-37
	android:name
		ADDED from src/main/AndroidManifest.xml:345:13-68
service#com.umeng.update.net.DownloadingService
ADDED from src/main/AndroidManifest.xml:349:9-352:19
	android:process
		ADDED from src/main/AndroidManifest.xml:351:13-50
	android:name
		ADDED from src/main/AndroidManifest.xml:350:13-67
activity#com.umeng.update.UpdateDialogActivity
ADDED from src/main/AndroidManifest.xml:354:9-357:20
	android:theme
		ADDED from src/main/AndroidManifest.xml:356:13-72
	android:name
		ADDED from src/main/AndroidManifest.xml:355:13-65
receiver#cn.jpush.android.service.AlarmReceiver
ADDED from src/main/AndroidManifest.xml:360:9-75
	android:name
		ADDED from src/main/AndroidManifest.xml:360:19-72
meta-data#JPUSH_CHANNEL
ADDED from src/main/AndroidManifest.xml:369:9-371:49
	android:value
		ADDED from src/main/AndroidManifest.xml:371:13-46
	android:name
		ADDED from src/main/AndroidManifest.xml:370:13-41
meta-data#JPUSH_APPKEY
ADDED from src/main/AndroidManifest.xml:373:9-375:56
	android:value
		ADDED from src/main/AndroidManifest.xml:375:13-53
	android:name
		ADDED from src/main/AndroidManifest.xml:374:13-40
meta-data#com.baidu.lbsapi.API_KEY
ADDED from src/main/AndroidManifest.xml:376:9-378:56
	android:value
		ADDED from src/main/AndroidManifest.xml:378:13-53
	android:name
		ADDED from src/main/AndroidManifest.xml:377:13-52
meta-data#TD_APP_ID
ADDED from src/main/AndroidManifest.xml:379:9-382:21
	android:value
		ADDED from src/main/AndroidManifest.xml:381:13-61
	android:name
		ADDED from src/main/AndroidManifest.xml:380:13-37
meta-data#EASEMOB_APPKEY
ADDED from src/main/AndroidManifest.xml:387:9-389:44
	android:value
		ADDED from src/main/AndroidManifest.xml:389:13-41
	android:name
		ADDED from src/main/AndroidManifest.xml:388:13-42
service#com.easemob.chat.EMChatService
ADDED from src/main/AndroidManifest.xml:391:9-66
	android:name
		ADDED from src/main/AndroidManifest.xml:391:18-63
meta-data#TD_CHANNEL_ID
ADDED from src/main/AndroidManifest.xml:402:9-404:34
	android:value
		ADDED from src/main/AndroidManifest.xml:404:13-32
	android:name
		ADDED from src/main/AndroidManifest.xml:403:13-41
meta-data#UMENG_APPKEY
ADDED from src/main/AndroidManifest.xml:407:9-410:21
	android:value
		ADDED from src/main/AndroidManifest.xml:409:13-53
	android:name
		ADDED from src/main/AndroidManifest.xml:408:13-40
meta-data#UMENG_CHANNEL
ADDED from src/main/AndroidManifest.xml:411:9-413:35
	android:value
		ADDED from src/main/AndroidManifest.xml:413:13-32
	android:name
		ADDED from src/main/AndroidManifest.xml:412:13-41
meta-data#adcocoa_id
ADDED from src/main/AndroidManifest.xml:415:10-417:64
	android:value
		ADDED from src/main/AndroidManifest.xml:417:13-61
	android:name
		ADDED from src/main/AndroidManifest.xml:416:13-38
activity#com.adcocoa.sdk.offerwalllibrary.OfferWallActivity
ADDED from src/main/AndroidManifest.xml:419:9-422:63
	android:configChanges
		ADDED from src/main/AndroidManifest.xml:421:13-83
	android:theme
		ADDED from src/main/AndroidManifest.xml:422:13-60
	android:name
		ADDED from src/main/AndroidManifest.xml:420:13-78
receiver#com.adcocoa.sdk.offerwalllibrary.receiver.AdcocoaOfferWallReceiver
ADDED from src/main/AndroidManifest.xml:425:9-436:20
	android:exported
		ADDED from src/main/AndroidManifest.xml:427:13-37
	android:name
		ADDED from src/main/AndroidManifest.xml:426:13-94
intent-filter#android.intent.action.PACKAGE_ADDED+android.intent.action.PACKAGE_REMOVED+android.intent.action.PACKAGE_REPLACED+com.adcocoa.sdk.action.STATE_CHANGE
ADDED from src/main/AndroidManifest.xml:428:13-435:29
action#com.adcocoa.sdk.action.STATE_CHANGE
ADDED from src/main/AndroidManifest.xml:429:17-78
	android:name
		ADDED from src/main/AndroidManifest.xml:429:25-75
action#android.intent.action.PACKAGE_REPLACED
ADDED from src/main/AndroidManifest.xml:431:17-81
	android:name
		ADDED from src/main/AndroidManifest.xml:431:25-78
activity#com.adcocoa.sdk.AdcocoaPopupActivity
ADDED from src/main/AndroidManifest.xml:439:9-442:59
	android:configChanges
		ADDED from src/main/AndroidManifest.xml:441:13-83
	android:theme
		ADDED from src/main/AndroidManifest.xml:442:13-56
	android:name
		ADDED from src/main/AndroidManifest.xml:440:13-64
receiver#com.adcocoa.sdk.receiver.AdcocoaStateReceiver
ADDED from src/main/AndroidManifest.xml:445:9-456:20
	android:exported
		ADDED from src/main/AndroidManifest.xml:447:13-37
	android:name
		ADDED from src/main/AndroidManifest.xml:446:13-73
receiver#com.adcocoa.sdk.smartbannerlibrary.receiver.AdcocoaSmartBannerReceiver
ADDED from src/main/AndroidManifest.xml:459:9-470:20
	android:exported
		ADDED from src/main/AndroidManifest.xml:461:13-37
	android:name
		ADDED from src/main/AndroidManifest.xml:460:13-98
uses-permission#android.permission.GET_TASKS
ADDED from src/main/AndroidManifest.xml:475:5-68
	android:name
		ADDED from src/main/AndroidManifest.xml:475:22-65
uses-permission#android.permission.REORDER_TASKS
ADDED from src/main/AndroidManifest.xml:476:5-72
	android:name
		ADDED from src/main/AndroidManifest.xml:476:22-69
uses-permission#com.yktx.group.permission.JPUSH_MESSAGE
ADDED from src/main/AndroidManifest.xml:477:5-79
	android:name
		ADDED from src/main/AndroidManifest.xml:477:22-76
uses-permission#android.permission.RECEIVE_USER_PRESENT
ADDED from src/main/AndroidManifest.xml:478:5-79
	android:name
		ADDED from src/main/AndroidManifest.xml:478:22-76
uses-permission#android.permission.WAKE_LOCK